<?xml version="1.0" encoding="UTF-8"?>
<testsuites name="Suites - Login" time="187.917" tests="10" failures="0" errors="0">
   <testsuite name="Suites - Login" tests="10" failures="0" errors="0" time="187.917" skipped="0" timestamp="2024-02-22 08:20:24" hostname="LENOVO - DESKTOP-0EH6HA0.mshome.net" id="Test Suites/Suites - Login">
      <properties>
[...]
</properties>
      <testcase name="Test Cases/Login/1.1.1 - User login with standar_user" time="15.016" classname="Test Cases/Login/1.1.1 - User login with standar_user" status="PASSED">
         <system-out><![CDATA[2024-02-22 08:20:24 - [TEST_CASE][PASSED] - Test Cases/Login/1.1.1 - User login with standar_user: Test Cases/Login/1.1.1 - User login with standar_user

2024-02-22 08:20:25 - [TEST_STEP][PASSED] - openBrowser(""): Browser is opened with url: ''

2024-02-22 08:20:26 - [MESSAGE][INFO] - Starting 'Edge Chromium' driver

2024-02-22 08:20:26 - [MESSAGE][INFO] - Action delay is set to 0 milliseconds

2024-02-22 08:20:29 - [MESSAGE][PASSED] - Browser is opened with url: ''

2024-02-22 08:20:29 - [TEST_STEP][PASSED] - navigateToUrl(baseUrl): Navigate to 'https://www.saucedemo.com/' successfully

2024-02-22 08:20:32 - [MESSAGE][PASSED] - Navigate to 'https://www.saucedemo.com/' successfully

2024-02-22 08:20:32 - [TEST_STEP][PASSED] - takeFullPageScreenshot(): Taking screenshot successfully

2024-02-22 08:20:33 - [MESSAGE][INFO] - 0 hidden object(s)

2024-02-22 08:20:33 - [MESSAGE][PASSED] - Taking screenshot successfully
[[ATTACHMENT|F:\\SABERCODE QA\\QA Sanber\\Katalon_Saucedemo\\Reports\\20240222_082019\\Suites - Login\\20240222_082019\\1708564833084.png]]

2024-02-22 08:20:33 - [TEST_STEP][PASSED] - setText(findTestObject("Login/field_username"), standard_user): Text 'standard_user' is set on object 'Object Repository/Login/field_username'

2024-02-22 08:20:35 - [MESSAGE][PASSED] - Text 'standard_user' is set on object 'Object Repository/Login/field_username'

2024-02-22 08:20:35 - [TEST_STEP][PASSED] - setText(findTestObject("Login/field_password"), password): Text 'secret_sauce' is set on object 'Object Repository/Login/field_password'

2024-02-22 08:20:36 - [MESSAGE][PASSED] - Text 'secret_sauce' is set on object 'Object Repository/Login/field_password'

2024-02-22 08:20:36 - [TEST_STEP][PASSED] - takeFullPageScreenshot(): Taking screenshot successfully

2024-02-22 08:20:36 - [MESSAGE][INFO] - 0 hidden object(s)

2024-02-22 08:20:37 - [MESSAGE][PASSED] - Taking screenshot successfully
[[ATTACHMENT|F:\\SABERCODE QA\\QA Sanber\\Katalon_Saucedemo\\Reports\\20240222_082019\\Suites - Login\\20240222_082019\\1708564836504.png]]

2024-02-22 08:20:37 - [TEST_STEP][PASSED] - click(findTestObject("Login/button_login")): Object: 'Object Repository/Login/button_login' is clicked on

2024-02-22 08:20:37 - [MESSAGE][PASSED] - Object: 'Object Repository/Login/button_login' is clicked on

2024-02-22 08:20:37 - [TEST_STEP][PASSED] - verifyTextPresent("Swag Labs", false): Text 'Swag Labs' is present on page 

2024-02-22 08:20:38 - [MESSAGE][PASSED] - Text 'Swag Labs' is present on page 

2024-02-22 08:20:38 - [TEST_STEP][PASSED] - takeFullPageScreenshot(): Taking screenshot successfully

2024-02-22 08:20:39 - [MESSAGE][INFO] - 0 hidden object(s)

2024-02-22 08:20:39 - [MESSAGE][PASSED] - Taking screenshot successfully
[[ATTACHMENT|F:\\SABERCODE QA\\QA Sanber\\Katalon_Saucedemo\\Reports\\20240222_082019\\Suites - Login\\20240222_082019\\1708564838366.png]]]]></system-out>
         <system-err><![CDATA[]]></system-err>
      </testcase>
      <testcase name="Test Cases/Login/1.1.2 - User login with locked_out_user" time="42.304" classname="Test Cases/Login/1.1.2 - User login with locked_out_user" status="PASSED">
         <system-out><![CDATA[2024-02-22 08:20:39 - [TEST_CASE][PASSED] - Test Cases/Login/1.1.2 - User login with locked_out_user: Test Cases/Login/1.1.2 - User login with locked_out_user

2024-02-22 08:20:40 - [TEST_STEP][PASSED] - openBrowser(""): Browser is opened with url: ''

2024-02-22 08:20:40 - [MESSAGE][WARNING] - A browser is already opened. Closing browser and opening a new one

2024-02-22 08:20:41 - [MESSAGE][INFO] - Starting 'Edge Chromium' driver

2024-02-22 08:20:41 - [MESSAGE][INFO] - Action delay is set to 0 milliseconds

2024-02-22 08:20:43 - [MESSAGE][PASSED] - Browser is opened with url: ''

2024-02-22 08:20:43 - [TEST_STEP][PASSED] - navigateToUrl(baseUrl): Navigate to 'https://www.saucedemo.com/' successfully

2024-02-22 08:20:45 - [MESSAGE][PASSED] - Navigate to 'https://www.saucedemo.com/' successfully

2024-02-22 08:20:45 - [TEST_STEP][PASSED] - takeFullPageScreenshot(): Taking screenshot successfully

2024-02-22 08:20:46 - [MESSAGE][INFO] - 0 hidden object(s)

2024-02-22 08:20:46 - [MESSAGE][PASSED] - Taking screenshot successfully
[[ATTACHMENT|F:\\SABERCODE QA\\QA Sanber\\Katalon_Saucedemo\\Reports\\20240222_082019\\Suites - Login\\20240222_082019\\1708564845536.png]]

2024-02-22 08:20:46 - [TEST_STEP][PASSED] - setText(findTestObject("Login/field_username"), locked_out_user): Text 'locked_out_user' is set on object 'Object Repository/Login/field_username'

2024-02-22 08:20:48 - [MESSAGE][PASSED] - Text 'locked_out_user' is set on object 'Object Repository/Login/field_username'

2024-02-22 08:20:48 - [TEST_STEP][PASSED] - setText(findTestObject("Login/field_password"), password): Text 'secret_sauce' is set on object 'Object Repository/Login/field_password'

2024-02-22 08:20:48 - [MESSAGE][PASSED] - Text 'secret_sauce' is set on object 'Object Repository/Login/field_password'

2024-02-22 08:20:48 - [TEST_STEP][PASSED] - takeFullPageScreenshot(): Taking screenshot successfully

2024-02-22 08:20:49 - [MESSAGE][INFO] - 0 hidden object(s)

2024-02-22 08:20:49 - [MESSAGE][PASSED] - Taking screenshot successfully
[[ATTACHMENT|F:\\SABERCODE QA\\QA Sanber\\Katalon_Saucedemo\\Reports\\20240222_082019\\Suites - Login\\20240222_082019\\1708564849009.png]]

2024-02-22 08:20:49 - [TEST_STEP][PASSED] - click(findTestObject("Login/button_login")): Object: 'Object Repository/Login/button_login' is clicked on

2024-02-22 08:20:50 - [MESSAGE][PASSED] - Object: 'Object Repository/Login/button_login' is clicked on

2024-02-22 08:20:50 - [TEST_STEP][PASSED] - verifyElementText(findTestObject("Login/assertion/h3_Epic sadface Sorry, this user has been locked out"), "Epic sadface: Sorry, this user has been locked out."): Actual text and expected text of test object 'Object Repository/Login/assertion/h3_Epic sadface Sorry, this user has been locked out' are matched.

2024-02-22 08:21:20 - [MESSAGE][PASSED] - Actual text and expected text of test object 'Object Repository/Login/assertion/h3_Epic sadface Sorry, this user has been locked out' are matched.

2024-02-22 08:21:20 - [TEST_STEP][PASSED] - takeFullPageScreenshot(): Taking screenshot successfully

2024-02-22 08:21:20 - [MESSAGE][INFO] - 0 hidden object(s)

2024-02-22 08:21:21 - [MESSAGE][PASSED] - Taking screenshot successfully
[[ATTACHMENT|F:\\SABERCODE QA\\QA Sanber\\Katalon_Saucedemo\\Reports\\20240222_082019\\Suites - Login\\20240222_082019\\1708564880506.png]]

2024-02-22 08:21:21 - [TEST_STEP][PASSED] - closeBrowser(): Browser is closed

2024-02-22 08:21:22 - [MESSAGE][PASSED] - Browser is closed]]></system-out>
         <system-err><![CDATA[]]></system-err>
      </testcase>
      <testcase name="Test Cases/Login/1.1.3 - User login with problem_user" time="13.003" classname="Test Cases/Login/1.1.3 - User login with problem_user" status="PASSED">
         <system-out><![CDATA[2024-02-22 08:21:22 - [TEST_CASE][PASSED] - Test Cases/Login/1.1.3 - User login with problem_user: Test Cases/Login/1.1.3 - User login with problem_user

2024-02-22 08:21:22 - [TEST_STEP][PASSED] - openBrowser(""): Browser is opened with url: ''

2024-02-22 08:21:22 - [MESSAGE][INFO] - Starting 'Edge Chromium' driver

2024-02-22 08:21:23 - [MESSAGE][INFO] - Action delay is set to 0 milliseconds

2024-02-22 08:21:24 - [MESSAGE][PASSED] - Browser is opened with url: ''

2024-02-22 08:21:24 - [TEST_STEP][PASSED] - navigateToUrl(baseUrl): Navigate to 'https://www.saucedemo.com/' successfully

2024-02-22 08:21:27 - [MESSAGE][PASSED] - Navigate to 'https://www.saucedemo.com/' successfully

2024-02-22 08:21:27 - [TEST_STEP][PASSED] - takeFullPageScreenshot(): Taking screenshot successfully

2024-02-22 08:21:28 - [MESSAGE][INFO] - 0 hidden object(s)

2024-02-22 08:21:28 - [MESSAGE][PASSED] - Taking screenshot successfully
[[ATTACHMENT|F:\\SABERCODE QA\\QA Sanber\\Katalon_Saucedemo\\Reports\\20240222_082019\\Suites - Login\\20240222_082019\\1708564887714.png]]

2024-02-22 08:21:28 - [TEST_STEP][PASSED] - setText(findTestObject("Login/field_username"), problem_user): Text 'problem_user' is set on object 'Object Repository/Login/field_username'

2024-02-22 08:21:30 - [MESSAGE][PASSED] - Text 'problem_user' is set on object 'Object Repository/Login/field_username'

2024-02-22 08:21:30 - [TEST_STEP][PASSED] - setText(findTestObject("Login/field_password"), password): Text 'secret_sauce' is set on object 'Object Repository/Login/field_password'

2024-02-22 08:21:31 - [MESSAGE][PASSED] - Text 'secret_sauce' is set on object 'Object Repository/Login/field_password'

2024-02-22 08:21:31 - [TEST_STEP][PASSED] - takeFullPageScreenshot(): Taking screenshot successfully

2024-02-22 08:21:31 - [MESSAGE][INFO] - 0 hidden object(s)

2024-02-22 08:21:31 - [MESSAGE][PASSED] - Taking screenshot successfully
[[ATTACHMENT|F:\\SABERCODE QA\\QA Sanber\\Katalon_Saucedemo\\Reports\\20240222_082019\\Suites - Login\\20240222_082019\\1708564891088.png]]

2024-02-22 08:21:31 - [TEST_STEP][PASSED] - click(findTestObject("Login/button_login")): Object: 'Object Repository/Login/button_login' is clicked on

2024-02-22 08:21:32 - [MESSAGE][PASSED] - Object: 'Object Repository/Login/button_login' is clicked on

2024-02-22 08:21:32 - [TEST_STEP][PASSED] - verifyTextPresent("Swag Labs", false): Text 'Swag Labs' is present on page 

2024-02-22 08:21:32 - [MESSAGE][PASSED] - Text 'Swag Labs' is present on page 

2024-02-22 08:21:32 - [TEST_STEP][PASSED] - takeFullPageScreenshot(): Taking screenshot successfully

2024-02-22 08:21:33 - [MESSAGE][INFO] - 0 hidden object(s)

2024-02-22 08:21:34 - [MESSAGE][PASSED] - Taking screenshot successfully
[[ATTACHMENT|F:\\SABERCODE QA\\QA Sanber\\Katalon_Saucedemo\\Reports\\20240222_082019\\Suites - Login\\20240222_082019\\1708564892844.png]]

2024-02-22 08:21:34 - [TEST_STEP][PASSED] - closeBrowser(): Browser is closed

2024-02-22 08:21:35 - [MESSAGE][PASSED] - Browser is closed]]></system-out>
         <system-err><![CDATA[]]></system-err>
      </testcase>
      <testcase name="Test Cases/Login/1.1.4 - User login with performance_glitch_user" time="16.701" classname="Test Cases/Login/1.1.4 - User login with performance_glitch_user" status="PASSED">
         <system-out><![CDATA[2024-02-22 08:21:35 - [TEST_CASE][PASSED] - Test Cases/Login/1.1.4 - User login with performance_glitch_user: Test Cases/Login/1.1.4 - User login with performance_glitch_user

2024-02-22 08:21:35 - [TEST_STEP][PASSED] - openBrowser(""): Browser is opened with url: ''

2024-02-22 08:21:35 - [MESSAGE][INFO] - Starting 'Edge Chromium' driver

2024-02-22 08:21:36 - [MESSAGE][INFO] - Action delay is set to 0 milliseconds

2024-02-22 08:21:37 - [MESSAGE][PASSED] - Browser is opened with url: ''

2024-02-22 08:21:37 - [TEST_STEP][PASSED] - navigateToUrl(baseUrl): Navigate to 'https://www.saucedemo.com/' successfully

2024-02-22 08:21:39 - [MESSAGE][PASSED] - Navigate to 'https://www.saucedemo.com/' successfully

2024-02-22 08:21:39 - [TEST_STEP][PASSED] - takeFullPageScreenshot(): Taking screenshot successfully

2024-02-22 08:21:39 - [MESSAGE][INFO] - 0 hidden object(s)

2024-02-22 08:21:39 - [MESSAGE][PASSED] - Taking screenshot successfully
[[ATTACHMENT|F:\\SABERCODE QA\\QA Sanber\\Katalon_Saucedemo\\Reports\\20240222_082019\\Suites - Login\\20240222_082019\\1708564899406.png]]

2024-02-22 08:21:39 - [TEST_STEP][PASSED] - setText(findTestObject("Login/field_username"), performance_glitch_user): Text 'performance_glitch_user' is set on object 'Object Repository/Login/field_username'

2024-02-22 08:21:41 - [MESSAGE][PASSED] - Text 'performance_glitch_user' is set on object 'Object Repository/Login/field_username'

2024-02-22 08:21:41 - [TEST_STEP][PASSED] - setText(findTestObject("Login/field_password"), password): Text 'secret_sauce' is set on object 'Object Repository/Login/field_password'

2024-02-22 08:21:43 - [MESSAGE][PASSED] - Text 'secret_sauce' is set on object 'Object Repository/Login/field_password'

2024-02-22 08:21:43 - [TEST_STEP][PASSED] - takeFullPageScreenshot(): Taking screenshot successfully

2024-02-22 08:21:43 - [MESSAGE][INFO] - 0 hidden object(s)

2024-02-22 08:21:43 - [MESSAGE][PASSED] - Taking screenshot successfully
[[ATTACHMENT|F:\\SABERCODE QA\\QA Sanber\\Katalon_Saucedemo\\Reports\\20240222_082019\\Suites - Login\\20240222_082019\\1708564903026.png]]

2024-02-22 08:21:43 - [TEST_STEP][PASSED] - click(findTestObject("Login/button_login")): Object: 'Object Repository/Login/button_login' is clicked on

2024-02-22 08:21:49 - [MESSAGE][PASSED] - Object: 'Object Repository/Login/button_login' is clicked on

2024-02-22 08:21:49 - [TEST_STEP][PASSED] - verifyTextPresent("Swag Labs", false): Text 'Swag Labs' is present on page 

2024-02-22 08:21:49 - [MESSAGE][PASSED] - Text 'Swag Labs' is present on page 

2024-02-22 08:21:49 - [TEST_STEP][PASSED] - takeFullPageScreenshot(): Taking screenshot successfully

2024-02-22 08:21:50 - [MESSAGE][INFO] - 0 hidden object(s)

2024-02-22 08:21:51 - [MESSAGE][PASSED] - Taking screenshot successfully
[[ATTACHMENT|F:\\SABERCODE QA\\QA Sanber\\Katalon_Saucedemo\\Reports\\20240222_082019\\Suites - Login\\20240222_082019\\1708564909712.png]]

2024-02-22 08:21:51 - [TEST_STEP][PASSED] - closeBrowser(): Browser is closed

2024-02-22 08:21:51 - [MESSAGE][PASSED] - Browser is closed]]></system-out>
         <system-err><![CDATA[]]></system-err>
      </testcase>
      <testcase name="Test Cases/Login/1.1.5 - User login with error_user" time="12.328" classname="Test Cases/Login/1.1.5 - User login with error_user" status="PASSED">
         <system-out><![CDATA[2024-02-22 08:21:51 - [TEST_CASE][PASSED] - Test Cases/Login/1.1.5 - User login with error_user: Test Cases/Login/1.1.5 - User login with error_user

2024-02-22 08:21:52 - [TEST_STEP][PASSED] - openBrowser(""): Browser is opened with url: ''

2024-02-22 08:21:52 - [MESSAGE][INFO] - Starting 'Edge Chromium' driver

2024-02-22 08:21:53 - [MESSAGE][INFO] - Action delay is set to 0 milliseconds

2024-02-22 08:21:54 - [MESSAGE][PASSED] - Browser is opened with url: ''

2024-02-22 08:21:54 - [TEST_STEP][PASSED] - navigateToUrl(baseUrl): Navigate to 'https://www.saucedemo.com/' successfully

2024-02-22 08:21:57 - [MESSAGE][PASSED] - Navigate to 'https://www.saucedemo.com/' successfully

2024-02-22 08:21:57 - [TEST_STEP][PASSED] - takeFullPageScreenshot(): Taking screenshot successfully

2024-02-22 08:21:57 - [MESSAGE][INFO] - 0 hidden object(s)

2024-02-22 08:21:57 - [MESSAGE][PASSED] - Taking screenshot successfully
[[ATTACHMENT|F:\\SABERCODE QA\\QA Sanber\\Katalon_Saucedemo\\Reports\\20240222_082019\\Suites - Login\\20240222_082019\\1708564917018.png]]

2024-02-22 08:21:57 - [TEST_STEP][PASSED] - setText(findTestObject("Login/field_username"), error_user): Text 'error_user' is set on object 'Object Repository/Login/field_username'

2024-02-22 08:21:59 - [MESSAGE][PASSED] - Text 'error_user' is set on object 'Object Repository/Login/field_username'

2024-02-22 08:21:59 - [TEST_STEP][PASSED] - setText(findTestObject("Login/field_password"), password): Text 'secret_sauce' is set on object 'Object Repository/Login/field_password'

2024-02-22 08:22:00 - [MESSAGE][PASSED] - Text 'secret_sauce' is set on object 'Object Repository/Login/field_password'

2024-02-22 08:22:00 - [TEST_STEP][PASSED] - takeFullPageScreenshot(): Taking screenshot successfully

2024-02-22 08:22:00 - [MESSAGE][INFO] - 0 hidden object(s)

2024-02-22 08:22:01 - [MESSAGE][PASSED] - Taking screenshot successfully
[[ATTACHMENT|F:\\SABERCODE QA\\QA Sanber\\Katalon_Saucedemo\\Reports\\20240222_082019\\Suites - Login\\20240222_082019\\1708564920277.png]]

2024-02-22 08:22:01 - [TEST_STEP][PASSED] - click(findTestObject("Login/button_login")): Object: 'Object Repository/Login/button_login' is clicked on

2024-02-22 08:22:01 - [MESSAGE][PASSED] - Object: 'Object Repository/Login/button_login' is clicked on

2024-02-22 08:22:01 - [TEST_STEP][PASSED] - verifyTextPresent("Swag Labs", false): Text 'Swag Labs' is present on page 

2024-02-22 08:22:02 - [MESSAGE][PASSED] - Text 'Swag Labs' is present on page 

2024-02-22 08:22:02 - [TEST_STEP][PASSED] - takeFullPageScreenshot(): Taking screenshot successfully

2024-02-22 08:22:03 - [MESSAGE][INFO] - 0 hidden object(s)

2024-02-22 08:22:03 - [MESSAGE][PASSED] - Taking screenshot successfully
[[ATTACHMENT|F:\\SABERCODE QA\\QA Sanber\\Katalon_Saucedemo\\Reports\\20240222_082019\\Suites - Login\\20240222_082019\\1708564922087.png]]

2024-02-22 08:22:03 - [TEST_STEP][PASSED] - closeBrowser(): Browser is closed

2024-02-22 08:22:04 - [MESSAGE][PASSED] - Browser is closed]]></system-out>
         <system-err><![CDATA[]]></system-err>
      </testcase>
      <testcase name="Test Cases/Login/1.1.6 - User login with visual_user" time="12.432" classname="Test Cases/Login/1.1.6 - User login with visual_user" status="PASSED">
         <system-out><![CDATA[2024-02-22 08:22:04 - [TEST_CASE][PASSED] - Test Cases/Login/1.1.6 - User login with visual_user: Test Cases/Login/1.1.6 - User login with visual_user

2024-02-22 08:22:04 - [TEST_STEP][PASSED] - openBrowser(""): Browser is opened with url: ''

2024-02-22 08:22:04 - [MESSAGE][INFO] - Starting 'Edge Chromium' driver

2024-02-22 08:22:05 - [MESSAGE][INFO] - Action delay is set to 0 milliseconds

2024-02-22 08:22:06 - [MESSAGE][PASSED] - Browser is opened with url: ''

2024-02-22 08:22:06 - [TEST_STEP][PASSED] - navigateToUrl(baseUrl): Navigate to 'https://www.saucedemo.com/' successfully

2024-02-22 08:22:09 - [MESSAGE][PASSED] - Navigate to 'https://www.saucedemo.com/' successfully

2024-02-22 08:22:09 - [TEST_STEP][PASSED] - takeFullPageScreenshot(): Taking screenshot successfully

2024-02-22 08:22:09 - [MESSAGE][INFO] - 0 hidden object(s)

2024-02-22 08:22:09 - [MESSAGE][PASSED] - Taking screenshot successfully
[[ATTACHMENT|F:\\SABERCODE QA\\QA Sanber\\Katalon_Saucedemo\\Reports\\20240222_082019\\Suites - Login\\20240222_082019\\1708564929151.png]]

2024-02-22 08:22:09 - [TEST_STEP][PASSED] - setText(findTestObject("Login/field_username"), visual_user): Text 'visual_user' is set on object 'Object Repository/Login/field_username'

2024-02-22 08:22:11 - [MESSAGE][PASSED] - Text 'visual_user' is set on object 'Object Repository/Login/field_username'

2024-02-22 08:22:11 - [TEST_STEP][PASSED] - setText(findTestObject("Login/field_password"), password): Text 'secret_sauce' is set on object 'Object Repository/Login/field_password'

2024-02-22 08:22:12 - [MESSAGE][PASSED] - Text 'secret_sauce' is set on object 'Object Repository/Login/field_password'

2024-02-22 08:22:12 - [TEST_STEP][PASSED] - takeFullPageScreenshot(): Taking screenshot successfully

2024-02-22 08:22:13 - [MESSAGE][INFO] - 0 hidden object(s)

2024-02-22 08:22:13 - [MESSAGE][PASSED] - Taking screenshot successfully
[[ATTACHMENT|F:\\SABERCODE QA\\QA Sanber\\Katalon_Saucedemo\\Reports\\20240222_082019\\Suites - Login\\20240222_082019\\1708564932744.png]]

2024-02-22 08:22:13 - [TEST_STEP][PASSED] - click(findTestObject("Login/button_login")): Object: 'Object Repository/Login/button_login' is clicked on

2024-02-22 08:22:14 - [MESSAGE][PASSED] - Object: 'Object Repository/Login/button_login' is clicked on

2024-02-22 08:22:14 - [TEST_STEP][PASSED] - verifyTextPresent("Swag Labs", false): Text 'Swag Labs' is present on page 

2024-02-22 08:22:14 - [MESSAGE][PASSED] - Text 'Swag Labs' is present on page 

2024-02-22 08:22:14 - [TEST_STEP][PASSED] - takeFullPageScreenshot(): Taking screenshot successfully

2024-02-22 08:22:15 - [MESSAGE][INFO] - 0 hidden object(s)

2024-02-22 08:22:15 - [MESSAGE][PASSED] - Taking screenshot successfully
[[ATTACHMENT|F:\\SABERCODE QA\\QA Sanber\\Katalon_Saucedemo\\Reports\\20240222_082019\\Suites - Login\\20240222_082019\\1708564934571.png]]

2024-02-22 08:22:15 - [TEST_STEP][PASSED] - closeBrowser(): Browser is closed

2024-02-22 08:22:16 - [MESSAGE][PASSED] - Browser is closed]]></system-out>
         <system-err><![CDATA[]]></system-err>
      </testcase>
      <testcase name="Test Cases/Login/1.1.7 - User input username and password null" time="11.583" classname="Test Cases/Login/1.1.7 - User input username and password null" status="PASSED">
         <system-out><![CDATA[2024-02-22 08:22:16 - [TEST_CASE][PASSED] - Test Cases/Login/1.1.7 - User input username and password null: Test Cases/Login/1.1.7 - User input username and password null

2024-02-22 08:22:17 - [TEST_STEP][PASSED] - openBrowser(""): Browser is opened with url: ''

2024-02-22 08:22:17 - [MESSAGE][INFO] - Starting 'Edge Chromium' driver

2024-02-22 08:22:17 - [MESSAGE][INFO] - Action delay is set to 0 milliseconds

2024-02-22 08:22:19 - [MESSAGE][PASSED] - Browser is opened with url: ''

2024-02-22 08:22:19 - [TEST_STEP][PASSED] - navigateToUrl(baseUrl): Navigate to 'https://www.saucedemo.com/' successfully

2024-02-22 08:22:21 - [MESSAGE][PASSED] - Navigate to 'https://www.saucedemo.com/' successfully

2024-02-22 08:22:21 - [TEST_STEP][PASSED] - takeFullPageScreenshot(): Taking screenshot successfully

2024-02-22 08:22:21 - [MESSAGE][INFO] - 0 hidden object(s)

2024-02-22 08:22:21 - [MESSAGE][PASSED] - Taking screenshot successfully
[[ATTACHMENT|F:\\SABERCODE QA\\QA Sanber\\Katalon_Saucedemo\\Reports\\20240222_082019\\Suites - Login\\20240222_082019\\1708564941401.png]]

2024-02-22 08:22:21 - [TEST_STEP][PASSED] - setText(findTestObject("Login/field_username"), ""): Text '' is set on object 'Object Repository/Login/field_username'

2024-02-22 08:22:24 - [MESSAGE][PASSED] - Text '' is set on object 'Object Repository/Login/field_username'

2024-02-22 08:22:24 - [TEST_STEP][PASSED] - setText(findTestObject("Login/field_password"), ""): Text '' is set on object 'Object Repository/Login/field_password'

2024-02-22 08:22:25 - [MESSAGE][PASSED] - Text '' is set on object 'Object Repository/Login/field_password'

2024-02-22 08:22:25 - [TEST_STEP][PASSED] - takeFullPageScreenshot(): Taking screenshot successfully

2024-02-22 08:22:25 - [MESSAGE][INFO] - 0 hidden object(s)

2024-02-22 08:22:25 - [MESSAGE][PASSED] - Taking screenshot successfully
[[ATTACHMENT|F:\\SABERCODE QA\\QA Sanber\\Katalon_Saucedemo\\Reports\\20240222_082019\\Suites - Login\\20240222_082019\\1708564945057.png]]

2024-02-22 08:22:25 - [TEST_STEP][PASSED] - click(findTestObject("Login/button_login")): Object: 'Object Repository/Login/button_login' is clicked on

2024-02-22 08:22:26 - [MESSAGE][PASSED] - Object: 'Object Repository/Login/button_login' is clicked on

2024-02-22 08:22:26 - [TEST_STEP][PASSED] - verifyElementText(findTestObject("Login/assertion/div_Epic sadface Username is required"), "Epic sadface: Username is required"): Actual text and expected text of test object 'Object Repository/Login/assertion/div_Epic sadface Username is required' are matched.

2024-02-22 08:22:26 - [MESSAGE][PASSED] - Actual text and expected text of test object 'Object Repository/Login/assertion/div_Epic sadface Username is required' are matched.

2024-02-22 08:22:26 - [TEST_STEP][PASSED] - takeFullPageScreenshot(): Taking screenshot successfully

2024-02-22 08:22:27 - [MESSAGE][INFO] - 0 hidden object(s)

2024-02-22 08:22:27 - [MESSAGE][PASSED] - Taking screenshot successfully
[[ATTACHMENT|F:\\SABERCODE QA\\QA Sanber\\Katalon_Saucedemo\\Reports\\20240222_082019\\Suites - Login\\20240222_082019\\1708564946847.png]]

2024-02-22 08:22:27 - [TEST_STEP][PASSED] - closeBrowser(): Browser is closed

2024-02-22 08:22:28 - [MESSAGE][PASSED] - Browser is closed]]></system-out>
         <system-err><![CDATA[]]></system-err>
      </testcase>
      <testcase name="Test Cases/Login/1.1.8 - User input username null and password valid" time="11.434" classname="Test Cases/Login/1.1.8 - User input username null and password valid" status="PASSED">
         <system-out><![CDATA[2024-02-22 08:22:28 - [TEST_CASE][PASSED] - Test Cases/Login/1.1.8 - User input username null and password valid: Test Cases/Login/1.1.8 - User input username null and password valid

2024-02-22 08:22:28 - [TEST_STEP][PASSED] - openBrowser(""): Browser is opened with url: ''

2024-02-22 08:22:28 - [MESSAGE][INFO] - Starting 'Edge Chromium' driver

2024-02-22 08:22:29 - [MESSAGE][INFO] - Action delay is set to 0 milliseconds

2024-02-22 08:22:30 - [MESSAGE][PASSED] - Browser is opened with url: ''

2024-02-22 08:22:30 - [TEST_STEP][PASSED] - navigateToUrl(baseUrl): Navigate to 'https://www.saucedemo.com/' successfully

2024-02-22 08:22:32 - [MESSAGE][PASSED] - Navigate to 'https://www.saucedemo.com/' successfully

2024-02-22 08:22:32 - [TEST_STEP][PASSED] - takeFullPageScreenshot(): Taking screenshot successfully

2024-02-22 08:22:33 - [MESSAGE][INFO] - 0 hidden object(s)

2024-02-22 08:22:33 - [MESSAGE][PASSED] - Taking screenshot successfully
[[ATTACHMENT|F:\\SABERCODE QA\\QA Sanber\\Katalon_Saucedemo\\Reports\\20240222_082019\\Suites - Login\\20240222_082019\\1708564952962.png]]

2024-02-22 08:22:33 - [TEST_STEP][PASSED] - setText(findTestObject("Login/field_username"), ""): Text '' is set on object 'Object Repository/Login/field_username'

2024-02-22 08:22:35 - [MESSAGE][PASSED] - Text '' is set on object 'Object Repository/Login/field_username'

2024-02-22 08:22:35 - [TEST_STEP][PASSED] - setText(findTestObject("Login/field_password"), password): Text 'secret_sauce' is set on object 'Object Repository/Login/field_password'

2024-02-22 08:22:36 - [MESSAGE][PASSED] - Text 'secret_sauce' is set on object 'Object Repository/Login/field_password'

2024-02-22 08:22:36 - [TEST_STEP][PASSED] - takeFullPageScreenshot(): Taking screenshot successfully

2024-02-22 08:22:37 - [MESSAGE][INFO] - 0 hidden object(s)

2024-02-22 08:22:37 - [MESSAGE][PASSED] - Taking screenshot successfully
[[ATTACHMENT|F:\\SABERCODE QA\\QA Sanber\\Katalon_Saucedemo\\Reports\\20240222_082019\\Suites - Login\\20240222_082019\\1708564956408.png]]

2024-02-22 08:22:37 - [TEST_STEP][PASSED] - click(findTestObject("Login/button_login")): Object: 'Object Repository/Login/button_login' is clicked on

2024-02-22 08:22:37 - [MESSAGE][PASSED] - Object: 'Object Repository/Login/button_login' is clicked on

2024-02-22 08:22:37 - [TEST_STEP][PASSED] - verifyElementText(findTestObject("Login/assertion/div_Epic sadface Username is required"), "Epic sadface: Username is required"): Actual text and expected text of test object 'Object Repository/Login/assertion/div_Epic sadface Username is required' are matched.

2024-02-22 08:22:38 - [MESSAGE][PASSED] - Actual text and expected text of test object 'Object Repository/Login/assertion/div_Epic sadface Username is required' are matched.

2024-02-22 08:22:38 - [TEST_STEP][PASSED] - takeFullPageScreenshot(): Taking screenshot successfully

2024-02-22 08:22:38 - [MESSAGE][INFO] - 0 hidden object(s)

2024-02-22 08:22:38 - [MESSAGE][PASSED] - Taking screenshot successfully
[[ATTACHMENT|F:\\SABERCODE QA\\QA Sanber\\Katalon_Saucedemo\\Reports\\20240222_082019\\Suites - Login\\20240222_082019\\1708564958199.png]]

2024-02-22 08:22:38 - [TEST_STEP][PASSED] - closeBrowser(): Browser is closed

2024-02-22 08:22:39 - [MESSAGE][PASSED] - Browser is closed]]></system-out>
         <system-err><![CDATA[]]></system-err>
      </testcase>
      <testcase name="Test Cases/Login/1.1.9 - User input username valid and password null" time="11.204" classname="Test Cases/Login/1.1.9 - User input username valid and password null" status="PASSED">
         <system-out><![CDATA[2024-02-22 08:22:39 - [TEST_CASE][PASSED] - Test Cases/Login/1.1.9 - User input username valid and password null: Test Cases/Login/1.1.9 - User input username valid and password null

2024-02-22 08:22:40 - [TEST_STEP][PASSED] - openBrowser(""): Browser is opened with url: ''

2024-02-22 08:22:40 - [MESSAGE][INFO] - Starting 'Edge Chromium' driver

2024-02-22 08:22:40 - [MESSAGE][INFO] - Action delay is set to 0 milliseconds

2024-02-22 08:22:41 - [MESSAGE][PASSED] - Browser is opened with url: ''

2024-02-22 08:22:41 - [TEST_STEP][PASSED] - navigateToUrl(baseUrl): Navigate to 'https://www.saucedemo.com/' successfully

2024-02-22 08:22:44 - [MESSAGE][PASSED] - Navigate to 'https://www.saucedemo.com/' successfully

2024-02-22 08:22:44 - [TEST_STEP][PASSED] - takeFullPageScreenshot(): Taking screenshot successfully

2024-02-22 08:22:44 - [MESSAGE][INFO] - 0 hidden object(s)

2024-02-22 08:22:44 - [MESSAGE][PASSED] - Taking screenshot successfully
[[ATTACHMENT|F:\\SABERCODE QA\\QA Sanber\\Katalon_Saucedemo\\Reports\\20240222_082019\\Suites - Login\\20240222_082019\\1708564964128.png]]

2024-02-22 08:22:44 - [TEST_STEP][PASSED] - setText(findTestObject("Login/field_username"), standard_user): Text 'standard_user' is set on object 'Object Repository/Login/field_username'

2024-02-22 08:22:46 - [MESSAGE][PASSED] - Text 'standard_user' is set on object 'Object Repository/Login/field_username'

2024-02-22 08:22:46 - [TEST_STEP][PASSED] - setText(findTestObject("Login/field_password"), ""): Text '' is set on object 'Object Repository/Login/field_password'

2024-02-22 08:22:47 - [MESSAGE][PASSED] - Text '' is set on object 'Object Repository/Login/field_password'

2024-02-22 08:22:47 - [TEST_STEP][PASSED] - takeFullPageScreenshot(): Taking screenshot successfully

2024-02-22 08:22:48 - [MESSAGE][INFO] - 0 hidden object(s)

2024-02-22 08:22:48 - [MESSAGE][PASSED] - Taking screenshot successfully
[[ATTACHMENT|F:\\SABERCODE QA\\QA Sanber\\Katalon_Saucedemo\\Reports\\20240222_082019\\Suites - Login\\20240222_082019\\1708564967815.png]]

2024-02-22 08:22:48 - [TEST_STEP][PASSED] - click(findTestObject("Login/button_login")): Object: 'Object Repository/Login/button_login' is clicked on

2024-02-22 08:22:48 - [MESSAGE][PASSED] - Object: 'Object Repository/Login/button_login' is clicked on

2024-02-22 08:22:48 - [TEST_STEP][PASSED] - verifyElementText(findTestObject("Login/assertion/div_Epic sadface Password is required"), "Epic sadface: Password is required"): Actual text and expected text of test object 'Object Repository/Login/assertion/div_Epic sadface Password is required' are matched.

2024-02-22 08:22:49 - [MESSAGE][PASSED] - Actual text and expected text of test object 'Object Repository/Login/assertion/div_Epic sadface Password is required' are matched.

2024-02-22 08:22:49 - [TEST_STEP][PASSED] - takeFullPageScreenshot(): Taking screenshot successfully

2024-02-22 08:22:49 - [MESSAGE][INFO] - 0 hidden object(s)

2024-02-22 08:22:49 - [MESSAGE][PASSED] - Taking screenshot successfully
[[ATTACHMENT|F:\\SABERCODE QA\\QA Sanber\\Katalon_Saucedemo\\Reports\\20240222_082019\\Suites - Login\\20240222_082019\\1708564969451.png]]

2024-02-22 08:22:49 - [TEST_STEP][PASSED] - closeBrowser(): Browser is closed

2024-02-22 08:22:50 - [MESSAGE][PASSED] - Browser is closed]]></system-out>
         <system-err><![CDATA[]]></system-err>
      </testcase>
      <testcase name="Test Cases/Login/1.1.10 - User input username and password not registered" time="41.338" classname="Test Cases/Login/1.1.10 - User input username and password not registered" status="PASSED">
         <system-out><![CDATA[2024-02-22 08:22:50 - [TEST_CASE][PASSED] - Test Cases/Login/1.1.10 - User input username and password not registered: Test Cases/Login/1.1.10 - User input username and password not registered

2024-02-22 08:22:51 - [TEST_STEP][PASSED] - openBrowser(""): Browser is opened with url: ''

2024-02-22 08:22:51 - [MESSAGE][INFO] - Starting 'Edge Chromium' driver

2024-02-22 08:22:51 - [MESSAGE][INFO] - Action delay is set to 0 milliseconds

2024-02-22 08:22:53 - [MESSAGE][PASSED] - Browser is opened with url: ''

2024-02-22 08:22:53 - [TEST_STEP][PASSED] - navigateToUrl(baseUrl): Navigate to 'https://www.saucedemo.com/' successfully

2024-02-22 08:22:55 - [MESSAGE][PASSED] - Navigate to 'https://www.saucedemo.com/' successfully

2024-02-22 08:22:55 - [TEST_STEP][PASSED] - takeFullPageScreenshot(): Taking screenshot successfully

2024-02-22 08:22:55 - [MESSAGE][INFO] - 0 hidden object(s)

2024-02-22 08:22:55 - [MESSAGE][PASSED] - Taking screenshot successfully
[[ATTACHMENT|F:\\SABERCODE QA\\QA Sanber\\Katalon_Saucedemo\\Reports\\20240222_082019\\Suites - Login\\20240222_082019\\1708564975405.png]]

2024-02-22 08:22:55 - [TEST_STEP][PASSED] - setText(findTestObject("Login/field_username"), "standart"): Text 'standart' is set on object 'Object Repository/Login/field_username'

2024-02-22 08:22:57 - [MESSAGE][PASSED] - Text 'standart' is set on object 'Object Repository/Login/field_username'

2024-02-22 08:22:57 - [TEST_STEP][PASSED] - setText(findTestObject("Login/field_password"), "secret"): Text 'secret' is set on object 'Object Repository/Login/field_password'

2024-02-22 08:22:58 - [MESSAGE][PASSED] - Text 'secret' is set on object 'Object Repository/Login/field_password'

2024-02-22 08:22:58 - [TEST_STEP][PASSED] - takeFullPageScreenshot(): Taking screenshot successfully

2024-02-22 08:22:59 - [MESSAGE][INFO] - 0 hidden object(s)

2024-02-22 08:22:59 - [MESSAGE][PASSED] - Taking screenshot successfully
[[ATTACHMENT|F:\\SABERCODE QA\\QA Sanber\\Katalon_Saucedemo\\Reports\\20240222_082019\\Suites - Login\\20240222_082019\\1708564978605.png]]

2024-02-22 08:22:59 - [TEST_STEP][PASSED] - click(findTestObject("Login/button_login")): Object: 'Object Repository/Login/button_login' is clicked on

2024-02-22 08:22:59 - [MESSAGE][PASSED] - Object: 'Object Repository/Login/button_login' is clicked on

2024-02-22 08:22:59 - [TEST_STEP][PASSED] - verifyElementText(findTestObject("Login/assertion/h3_Epic sadface Username and password do not match any user in this service"), "Epic sadface: Username and password do not match any user in this service"): Actual text and expected text of test object 'Object Repository/Login/assertion/h3_Epic sadface Username and password do not match any user in this service' are matched.

2024-02-22 08:23:29 - [MESSAGE][PASSED] - Actual text and expected text of test object 'Object Repository/Login/assertion/h3_Epic sadface Username and password do not match any user in this service' are matched.

2024-02-22 08:23:29 - [TEST_STEP][PASSED] - takeFullPageScreenshot(): Taking screenshot successfully

2024-02-22 08:23:30 - [MESSAGE][INFO] - 0 hidden object(s)

2024-02-22 08:23:31 - [MESSAGE][PASSED] - Taking screenshot successfully
[[ATTACHMENT|F:\\SABERCODE QA\\QA Sanber\\Katalon_Saucedemo\\Reports\\20240222_082019\\Suites - Login\\20240222_082019\\1708565009973.png]]

2024-02-22 08:23:31 - [TEST_STEP][PASSED] - closeBrowser(): Browser is closed

2024-02-22 08:23:32 - [MESSAGE][PASSED] - Browser is closed]]></system-out>
         <system-err><![CDATA[]]></system-err>
      </testcase>
      <system-out><![CDATA[2024-02-22 08:20:24 - [TEST_SUITE][PASSED] - Suites - Login: Test Cases/Login/1.1.10 - User input username and password not registered]]></system-out>
      <system-err><![CDATA[]]></system-err>
   </testsuite>
</testsuites>
